#
# There is insufficient memory for the Java Runtime Environment to continue.
# Native memory allocation (malloc) failed to allocate 168128 bytes for Chunk::new
# Possible reasons:
#   The system is out of physical RAM or swap space
#   The process is running with CompressedOops enabled, and the Java Heap may be blocking the growth of the native heap
# Possible solutions:
#   Reduce memory load on the system
#   Increase physical memory or swap space
#   Check if swap backing store is full
#   Decrease Java heap size (-Xmx/-Xms)
#   Decrease number of Java threads
#   Decrease Java thread stack sizes (-Xss)
#   Set larger code cache with -XX:ReservedCodeCacheSize=
#   JVM is running with Zero Based Compressed Oops mode in which the Java heap is
#     placed in the first 32GB address space. The Java Heap base address is the
#     maximum limit for the native heap growth. Please use -XX:HeapBaseMinAddress
#     to set the Java Heap base and to place the Java Heap above 32GB virtual address.
# This output file may be truncated or incomplete.
#
#  Out of Memory Error (allocation.cpp:389), pid=22564, tid=0x0000000000000ecc
#
# JRE version: Java(TM) SE Runtime Environment (8.0_391) (build 1.8.0_391-b26)
# Java VM: Java HotSpot(TM) 64-Bit Server VM (25.391-b26 mixed mode windows-amd64 compressed oops)
# Failed to write core dump. Minidumps are not enabled by default on client versions of Windows
#

---------------  T H R E A D  ---------------

Current thread (0x0000015f1de8d000):  JavaThread "C2 CompilerThread2" daemon [_thread_in_native, id=3788, stack(0x00000002b1500000,0x00000002b1600000)]

Stack: [0x00000002b1500000,0x00000002b1600000]
Native frames: (J=compiled Java code, j=interpreted, Vv=VM code, C=native code)
V  [jvm.dll+0x353049]


Current CompileTask:
C2: 152014 6094   !   4       java.nio.charset.CharsetEncoder::encode (285 bytes)


---------------  P R O C E S S  ---------------

Java Threads: ( => current thread )
  0x0000015f26562000 JavaThread "Exec process Thread 3" [_thread_in_native, id=1608, stack(0x00000002b4800000,0x00000002b4900000)]
  0x0000015f26561000 JavaThread "Exec process Thread 2" [_thread_in_native, id=23884, stack(0x00000002b4700000,0x00000002b4800000)]
  0x0000015f2655f800 JavaThread "Exec process" [_thread_in_native, id=21964, stack(0x00000002b4600000,0x00000002b4700000)]
  0x0000015f2655f000 JavaThread "Keep-Alive-SocketCleaner" daemon [_thread_blocked, id=16828, stack(0x00000002b4500000,0x00000002b4600000)]
  0x0000015f2655e000 JavaThread "Cache worker for Build Output Cleanup Cache (D:\GitHub\EASAddon\.gradle\buildOutputCleanup)" [_thread_blocked, id=17960, stack(0x00000002b4400000,0x00000002b4500000)]
  0x0000015f2655d800 JavaThread "Cache worker for task history cache (D:\GitHub\EASAddon\.gradle\4.9\taskHistory)" [_thread_blocked, id=4780, stack(0x00000002b4300000,0x00000002b4400000)]
  0x0000015f2655c800 JavaThread "Task worker for ':' Thread 11" [_thread_blocked, id=3868, stack(0x00000002b4200000,0x00000002b4300000)]
  0x0000015f26560800 JavaThread "Task worker for ':' Thread 10" [_thread_blocked, id=24800, stack(0x00000002b4100000,0x00000002b4200000)]
  0x0000015f2655c000 JavaThread "Task worker for ':' Thread 9" [_thread_blocked, id=4936, stack(0x00000002b4000000,0x00000002b4100000)]
  0x0000015f22578800 JavaThread "Task worker for ':' Thread 8" [_thread_blocked, id=21428, stack(0x00000002b3f00000,0x00000002b4000000)]
  0x0000015f2257e000 JavaThread "Task worker for ':' Thread 7" [_thread_blocked, id=10508, stack(0x00000002b3e00000,0x00000002b3f00000)]
  0x0000015f2257e800 JavaThread "Task worker for ':' Thread 6" [_thread_blocked, id=8296, stack(0x00000002b3d00000,0x00000002b3e00000)]
  0x0000015f2257d000 JavaThread "Task worker for ':' Thread 5" [_thread_blocked, id=9508, stack(0x00000002b3c00000,0x00000002b3d00000)]
  0x0000015f2257c800 JavaThread "Task worker for ':' Thread 4" [_thread_blocked, id=21204, stack(0x00000002b3b00000,0x00000002b3c00000)]
  0x0000015f22578000 JavaThread "Task worker for ':' Thread 3" [_thread_blocked, id=12964, stack(0x00000002b3a00000,0x00000002b3b00000)]
  0x0000015f22576800 JavaThread "Task worker for ':' Thread 2" [_thread_blocked, id=7696, stack(0x00000002b3900000,0x00000002b3a00000)]
  0x0000015f22575000 JavaThread "Task worker for ':'" [_thread_blocked, id=25000, stack(0x00000002b3800000,0x00000002b3900000)]
  0x0000015f22579800 JavaThread "Cache worker for file content cache (D:\GitHub\EASAddon\.gradle\4.9\fileContent)" [_thread_blocked, id=14580, stack(0x00000002b3700000,0x00000002b3800000)]
  0x0000015f2257b800 JavaThread "Cache worker for file content cache (C:\Users\profe\.gradle\caches\4.9\fileContent)" [_thread_blocked, id=20608, stack(0x00000002b3600000,0x00000002b3700000)]
  0x0000015f22577000 JavaThread "Memory manager" [_thread_blocked, id=19480, stack(0x00000002b3500000,0x00000002b3600000)]
  0x0000015f2257b000 JavaThread "Build operations Thread 12" [_thread_blocked, id=24424, stack(0x00000002b3300000,0x00000002b3400000)]
  0x0000015f22572000 JavaThread "Build operations Thread 11" [_thread_blocked, id=26460, stack(0x00000002b3200000,0x00000002b3300000)]
  0x0000015f22574000 JavaThread "Build operations Thread 10" [_thread_blocked, id=6108, stack(0x00000002b3100000,0x00000002b3200000)]
  0x0000015f22575800 JavaThread "Build operations Thread 9" [_thread_blocked, id=22948, stack(0x00000002b3000000,0x00000002b3100000)]
  0x0000015f22570800 JavaThread "Build operations Thread 8" [_thread_blocked, id=18452, stack(0x00000002b2f00000,0x00000002b3000000)]
  0x0000015f2256f800 JavaThread "Build operations Thread 7" [_thread_blocked, id=26224, stack(0x00000002b2e00000,0x00000002b2f00000)]
  0x0000015f22572800 JavaThread "Build operations Thread 6" [_thread_blocked, id=17404, stack(0x00000002b2d00000,0x00000002b2e00000)]
  0x0000015f22573800 JavaThread "Build operations Thread 5" [_thread_blocked, id=26500, stack(0x00000002b2c00000,0x00000002b2d00000)]
  0x0000015f22571000 JavaThread "Build operations Thread 4" [_thread_blocked, id=17744, stack(0x00000002b2b00000,0x00000002b2c00000)]
  0x0000015f20e09000 JavaThread "Build operations Thread 3" [_thread_blocked, id=16076, stack(0x00000002b2a00000,0x00000002b2b00000)]
  0x0000015f20e0c800 JavaThread "Build operations Thread 2" [_thread_blocked, id=23076, stack(0x00000002b2900000,0x00000002b2a00000)]
  0x0000015f20e08800 JavaThread "Build operations" [_thread_blocked, id=25552, stack(0x00000002b2800000,0x00000002b2900000)]
  0x0000015f20e0b800 JavaThread "Cache worker for Artifact transforms cache (C:\Users\profe\.gradle\caches\transforms-1)" [_thread_blocked, id=25456, stack(0x00000002b2700000,0x00000002b2800000)]
  0x0000015f20e0a800 JavaThread "Cache worker for cache directory md-rule (C:\Users\profe\.gradle\caches\4.9\md-rule)" [_thread_blocked, id=4048, stack(0x00000002b2600000,0x00000002b2700000)]
  0x0000015f20e07000 JavaThread "Cache worker for cache directory md-supplier (C:\Users\profe\.gradle\caches\4.9\md-supplier)" [_thread_blocked, id=23328, stack(0x00000002b2500000,0x00000002b2600000)]
  0x0000015f20e07800 JavaThread "Cache worker for file hash cache (D:\GitHub\EASAddon\.gradle\4.9\fileHashes)" [_thread_blocked, id=16036, stack(0x00000002b2400000,0x00000002b2500000)]
  0x0000015f20e0a000 JavaThread "File lock request listener" [_thread_in_native, id=15804, stack(0x00000002b2300000,0x00000002b2400000)]
  0x0000015f20e0d000 JavaThread "Cache worker for file hash cache (C:\Users\profe\.gradle\caches\4.9\fileHashes)" [_thread_blocked, id=23084, stack(0x00000002b2200000,0x00000002b2300000)]
  0x0000015f20de5800 JavaThread "Stdin handler" [_thread_blocked, id=1760, stack(0x00000002b2100000,0x00000002b2200000)]
  0x0000015f20dda800 JavaThread "Asynchronous log dispatcher for DefaultDaemonConnection: socket connection from /127.0.0.1:40019 to /127.0.0.1:40020" [_thread_blocked, id=4056, stack(0x00000002b2000000,0x00000002b2100000)]
  0x0000015f20dcd800 JavaThread "Daemon worker" [_thread_blocked, id=2832, stack(0x00000002b1f00000,0x00000002b2000000)]
  0x0000015f20dcc800 JavaThread "Cancel handler" [_thread_blocked, id=6392, stack(0x00000002b1e00000,0x00000002b1f00000)]
  0x0000015f20bdb800 JavaThread "Handler for socket connection from /127.0.0.1:40019 to /127.0.0.1:40020" [_thread_in_native, id=11440, stack(0x00000002b1d00000,0x00000002b1e00000)]
  0x0000015f20bd2800 JavaThread "Daemon" [_thread_blocked, id=15144, stack(0x00000002b1c00000,0x00000002b1d00000)]
  0x0000015f20eef800 JavaThread "Daemon periodic checks" [_thread_blocked, id=25368, stack(0x00000002b1b00000,0x00000002b1c00000)]
  0x0000015f20ee0000 JavaThread "Incoming local TCP Connector on port 40019" [_thread_in_native, id=10148, stack(0x00000002b1a00000,0x00000002b1b00000)]
  0x0000015f20853800 JavaThread "Daemon health stats" [_thread_blocked, id=3160, stack(0x00000002b1900000,0x00000002b1a00000)]
  0x0000015f1f668800 JavaThread "Service Thread" daemon [_thread_blocked, id=13240, stack(0x00000002b1700000,0x00000002b1800000)]
  0x0000015f1de90800 JavaThread "C1 CompilerThread3" daemon [_thread_blocked, id=25124, stack(0x00000002b1600000,0x00000002b1700000)]
=>0x0000015f1de8d000 JavaThread "C2 CompilerThread2" daemon [_thread_in_native, id=3788, stack(0x00000002b1500000,0x00000002b1600000)]
  0x0000015f1de8a000 JavaThread "C2 CompilerThread1" daemon [_thread_blocked, id=9056, stack(0x00000002b1400000,0x00000002b1500000)]
  0x0000015f1de88000 JavaThread "C2 CompilerThread0" daemon [_thread_blocked, id=10672, stack(0x00000002b1300000,0x00000002b1400000)]
  0x0000015f1de86000 JavaThread "Attach Listener" daemon [_thread_blocked, id=10500, stack(0x00000002b1200000,0x00000002b1300000)]
  0x0000015f1de85000 JavaThread "Signal Dispatcher" daemon [_thread_blocked, id=17576, stack(0x00000002b1100000,0x00000002b1200000)]
  0x0000015f1de5a000 JavaThread "Finalizer" daemon [_thread_blocked, id=25528, stack(0x00000002b1000000,0x00000002b1100000)]
  0x0000015f1de4b800 JavaThread "Reference Handler" daemon [_thread_blocked, id=24064, stack(0x00000002b0f00000,0x00000002b1000000)]
  0x0000015f04898000 JavaThread "main" [_thread_blocked, id=15040, stack(0x00000002b0300000,0x00000002b0400000)]

Other Threads:
  0x0000015f1de25000 VMThread [stack: 0x00000002b0e00000,0x00000002b0f00000] [id=13064]
  0x0000015f1f68e800 WatcherThread [stack: 0x00000002b1800000,0x00000002b1900000] [id=25680]

VM state:not at safepoint (normal execution)

VM Mutex/Monitor currently owned by a thread: None

heap address: 0x0000000700000000, size: 3072 MB, Compressed Oops mode: Zero based, Oop shift amount: 3
Narrow klass base: 0x0000000000000000, Narrow klass shift: 3
Compressed class space size: 1073741824 Address: 0x00000007c0000000

Heap:
 PSYoungGen      total 226304K, used 196812K [0x0000000780000000, 0x0000000791980000, 0x00000007c0000000)
  eden space 208896K, 87% used [0x0000000780000000,0x000000078b30d3a0,0x000000078cc00000)
  from space 17408K, 77% used [0x000000078cc00000,0x000000078d925fb8,0x000000078dd00000)
  to   space 17920K, 0% used [0x0000000790800000,0x0000000790800000,0x0000000791980000)
 ParOldGen       total 167424K, used 23074K [0x0000000700000000, 0x000000070a380000, 0x0000000780000000)
  object space 167424K, 13% used [0x0000000700000000,0x00000007016889f8,0x000000070a380000)
 Metaspace       used 48670K, capacity 49672K, committed 49960K, reserved 1091584K
  class space    used 6869K, capacity 7138K, committed 7216K, reserved 1048576K

Card table byte_map: [0x0000015f156e0000,0x0000015f15cf0000] byte_map_base: 0x0000015f11ee0000

Marking Bits: (ParMarkBitMap*) 0x00007ff8e2af6040
 Begin Bits: [0x0000015f160f0000, 0x0000015f190f0000)
 End Bits:   [0x0000015f190f0000, 0x0000015f1c0f0000)

Polling page: 0x0000015f04ac0000

CodeCache: size=245760Kb used=16754Kb max_used=16992Kb free=229005Kb
 bounds [0x0000015f06320000, 0x0000015f073d0000, 0x0000015f15320000]
 total_blobs=6004 nmethods=5214 adapters=700
 compilation: enabled

Compilation events (10 events):
Event: 152.000 Thread 0x0000015f1de88000 6093       4       org.gradle.internal.io.StreamByteBuffer::prepareRead (102 bytes)
Event: 152.000 Thread 0x0000015f1de8d000 6094   !   4       java.nio.charset.CharsetEncoder::encode (285 bytes)
Event: 152.001 Thread 0x0000015f1de88000 nmethod 6093 0x0000015f06e7a810 code [0x0000015f06e7a940, 0x0000015f06e7aa38]
Event: 152.001 Thread 0x0000015f1de8a000 nmethod 6092 0x0000015f068550d0 code [0x0000015f06855220, 0x0000015f06855538]
Event: 152.003 Thread 0x0000015f1de88000 6095       4       java.nio.ByteBuffer::<init> (45 bytes)
Event: 152.004 Thread 0x0000015f1de88000 nmethod 6095 0x0000015f06c73a50 code [0x0000015f06c73ba0, 0x0000015f06c73dd8]
Event: 152.005 Thread 0x0000015f1de8a000 6096       4       org.gradle.internal.serialize.kryo.KryoBackedEncoder::writeSmallInt (11 bytes)
Event: 152.005 Thread 0x0000015f1de8a000 nmethod 6096 0x0000015f0722b2d0 code [0x0000015f0722b420, 0x0000015f0722b4c8]
Event: 152.006 Thread 0x0000015f1de90800 6097       1       sun.nio.ch.SocketDispatcher::write (8 bytes)
Event: 152.006 Thread 0x0000015f1de90800 nmethod 6097 0x0000015f06468e90 code [0x0000015f06468fe0, 0x0000015f06469110]

GC Heap History (10 events):
Event: 2.742 GC heap before
{Heap before GC invocations=7 (full 2):
 PSYoungGen      total 135680K, used 10740K [0x0000000780000000, 0x000000078b000000, 0x00000007c0000000)
  eden space 124928K, 0% used [0x0000000780000000,0x0000000780000000,0x0000000787a00000)
  from space 10752K, 99% used [0x0000000787a00000,0x000000078847d2f0,0x0000000788480000)
  to   space 13824K, 0% used [0x000000078a280000,0x000000078a280000,0x000000078b000000)
 ParOldGen       total 103424K, used 10869K [0x0000000700000000, 0x0000000706500000, 0x0000000780000000)
  object space 103424K, 10% used [0x0000000700000000,0x0000000700a9d788,0x0000000706500000)
 Metaspace       used 34794K, capacity 35308K, committed 35496K, reserved 1079296K
  class space    used 4830K, capacity 5028K, committed 5040K, reserved 1048576K
Event: 2.764 GC heap after
Heap after GC invocations=7 (full 2):
 PSYoungGen      total 135680K, used 0K [0x0000000780000000, 0x000000078b000000, 0x00000007c0000000)
  eden space 124928K, 0% used [0x0000000780000000,0x0000000780000000,0x0000000787a00000)
  from space 10752K, 0% used [0x0000000787a00000,0x0000000787a00000,0x0000000788480000)
  to   space 13824K, 0% used [0x000000078a280000,0x000000078a280000,0x000000078b000000)
 ParOldGen       total 167424K, used 18560K [0x0000000700000000, 0x000000070a380000, 0x0000000780000000)
  object space 167424K, 11% used [0x0000000700000000,0x00000007012200c8,0x000000070a380000)
 Metaspace       used 34794K, capacity 35308K, committed 35496K, reserved 1079296K
  class space    used 4830K, capacity 5028K, committed 5040K, reserved 1048576K
}
Event: 3.459 GC heap before
{Heap before GC invocations=8 (full 2):
 PSYoungGen      total 135680K, used 124928K [0x0000000780000000, 0x000000078b000000, 0x00000007c0000000)
  eden space 124928K, 100% used [0x0000000780000000,0x0000000787a00000,0x0000000787a00000)
  from space 10752K, 0% used [0x0000000787a00000,0x0000000787a00000,0x0000000788480000)
  to   space 13824K, 0% used [0x000000078a280000,0x000000078a280000,0x000000078b000000)
 ParOldGen       total 167424K, used 18560K [0x0000000700000000, 0x000000070a380000, 0x0000000780000000)
  object space 167424K, 11% used [0x0000000700000000,0x00000007012200c8,0x000000070a380000)
 Metaspace       used 41743K, capacity 42370K, committed 42792K, reserved 1085440K
  class space    used 5880K, capacity 6109K, committed 6192K, reserved 1048576K
Event: 3.464 GC heap after
Heap after GC invocations=8 (full 2):
 PSYoungGen      total 166400K, used 10256K [0x0000000780000000, 0x000000078c600000, 0x00000007c0000000)
  eden space 152576K, 0% used [0x0000000780000000,0x0000000780000000,0x0000000789500000)
  from space 13824K, 74% used [0x000000078a280000,0x000000078ac84348,0x000000078b000000)
  to   space 13824K, 0% used [0x0000000789500000,0x0000000789500000,0x000000078a280000)
 ParOldGen       total 167424K, used 18568K [0x0000000700000000, 0x000000070a380000, 0x0000000780000000)
  object space 167424K, 11% used [0x0000000700000000,0x00000007012220c8,0x000000070a380000)
 Metaspace       used 41743K, capacity 42370K, committed 42792K, reserved 1085440K
  class space    used 5880K, capacity 6109K, committed 6192K, reserved 1048576K
}
Event: 3.913 GC heap before
{Heap before GC invocations=9 (full 2):
 PSYoungGen      total 166400K, used 162832K [0x0000000780000000, 0x000000078c600000, 0x00000007c0000000)
  eden space 152576K, 100% used [0x0000000780000000,0x0000000789500000,0x0000000789500000)
  from space 13824K, 74% used [0x000000078a280000,0x000000078ac84348,0x000000078b000000)
  to   space 13824K, 0% used [0x0000000789500000,0x0000000789500000,0x000000078a280000)
 ParOldGen       total 167424K, used 18568K [0x0000000700000000, 0x000000070a380000, 0x0000000780000000)
  object space 167424K, 11% used [0x0000000700000000,0x00000007012220c8,0x000000070a380000)
 Metaspace       used 45188K, capacity 46136K, committed 46376K, reserved 1089536K
  class space    used 6370K, capacity 6660K, committed 6704K, reserved 1048576K
Event: 3.918 GC heap after
Heap after GC invocations=9 (full 2):
 PSYoungGen      total 166400K, used 11217K [0x0000000780000000, 0x000000078ec80000, 0x00000007c0000000)
  eden space 152576K, 0% used [0x0000000780000000,0x0000000780000000,0x0000000789500000)
  from space 13824K, 81% used [0x0000000789500000,0x0000000789ff4700,0x000000078a280000)
  to   space 14336K, 0% used [0x000000078de80000,0x000000078de80000,0x000000078ec80000)
 ParOldGen       total 167424K, used 18640K [0x0000000700000000, 0x000000070a380000, 0x0000000780000000)
  object space 167424K, 11% used [0x0000000700000000,0x00000007012340d8,0x000000070a380000)
 Metaspace       used 45188K, capacity 46136K, committed 46376K, reserved 1089536K
  class space    used 6370K, capacity 6660K, committed 6704K, reserved 1048576K
}
Event: 4.939 GC heap before
{Heap before GC invocations=10 (full 2):
 PSYoungGen      total 166400K, used 162645K [0x0000000780000000, 0x000000078ec80000, 0x00000007c0000000)
  eden space 152576K, 99% used [0x0000000780000000,0x00000007893e0eb0,0x0000000789500000)
  from space 13824K, 81% used [0x0000000789500000,0x0000000789ff4700,0x000000078a280000)
  to   space 14336K, 0% used [0x000000078de80000,0x000000078de80000,0x000000078ec80000)
 ParOldGen       total 167424K, used 18640K [0x0000000700000000, 0x000000070a380000, 0x0000000780000000)
  object space 167424K, 11% used [0x0000000700000000,0x00000007012340d8,0x000000070a380000)
 Metaspace       used 47424K, capacity 48318K, committed 48552K, reserved 1091584K
  class space    used 6730K, capacity 6995K, committed 7088K, reserved 1048576K
Event: 4.945 GC heap after
Heap after GC invocations=10 (full 2):
 PSYoungGen      total 223232K, used 14304K [0x0000000780000000, 0x000000078ee00000, 0x00000007c0000000)
  eden space 208896K, 0% used [0x0000000780000000,0x0000000780000000,0x000000078cc00000)
  from space 14336K, 99% used [0x000000078de80000,0x000000078ec780d0,0x000000078ec80000)
  to   space 17408K, 0% used [0x000000078cc00000,0x000000078cc00000,0x000000078dd00000)
 ParOldGen       total 167424K, used 23066K [0x0000000700000000, 0x000000070a380000, 0x0000000780000000)
  object space 167424K, 13% used [0x0000000700000000,0x00000007016869f8,0x000000070a380000)
 Metaspace       used 47424K, capacity 48318K, committed 48552K, reserved 1091584K
  class space    used 6730K, capacity 6995K, committed 7088K, reserved 1048576K
}
Event: 6.051 GC heap before
{Heap before GC invocations=11 (full 2):
 PSYoungGen      total 223232K, used 222900K [0x0000000780000000, 0x000000078ee00000, 0x00000007c0000000)
  eden space 208896K, 99% used [0x0000000780000000,0x000000078cbb52e8,0x000000078cc00000)
  from space 14336K, 99% used [0x000000078de80000,0x000000078ec780d0,0x000000078ec80000)
  to   space 17408K, 0% used [0x000000078cc00000,0x000000078cc00000,0x000000078dd00000)
 ParOldGen       total 167424K, used 23066K [0x0000000700000000, 0x000000070a380000, 0x0000000780000000)
  object space 167424K, 13% used [0x0000000700000000,0x00000007016869f8,0x000000070a380000)
 Metaspace       used 48446K, capacity 49380K, committed 49704K, reserved 1091584K
  class space    used 6852K, capacity 7130K, committed 7216K, reserved 1048576K
Event: 6.057 GC heap after
Heap after GC invocations=11 (full 2):
 PSYoungGen      total 226304K, used 13463K [0x0000000780000000, 0x0000000791980000, 0x00000007c0000000)
  eden space 208896K, 0% used [0x0000000780000000,0x0000000780000000,0x000000078cc00000)
  from space 17408K, 77% used [0x000000078cc00000,0x000000078d925fb8,0x000000078dd00000)
  to   space 17920K, 0% used [0x0000000790800000,0x0000000790800000,0x0000000791980000)
 ParOldGen       total 167424K, used 23074K [0x0000000700000000, 0x000000070a380000, 0x0000000780000000)
  object space 167424K, 13% used [0x0000000700000000,0x00000007016889f8,0x000000070a380000)
 Metaspace       used 48446K, capacity 49380K, committed 49704K, reserved 1091584K
  class space    used 6852K, capacity 7130K, committed 7216K, reserved 1048576K
}

Deoptimization events (10 events):
Event: 4.556 Thread 0x0000015f22571000 Uncommon trap: reason=class_check action=maybe_recompile pc=0x0000015f06e7a9e0 method=sun.security.util.math.intpoly.IntegerPolynomial$MutableElement.setSquare()Lsun/security/util/math/intpoly/IntegerPolynomial$MutableElement; @ 12
Event: 4.556 Thread 0x0000015f22571000 Uncommon trap: reason=class_check action=maybe_recompile pc=0x0000015f06e7a9e0 method=sun.security.util.math.intpoly.IntegerPolynomial$MutableElement.setSquare()Lsun/security/util/math/intpoly/IntegerPolynomial$MutableElement; @ 12
Event: 5.032 Thread 0x0000015f26560800 Uncommon trap: reason=unstable_if action=reinterpret pc=0x0000015f071bd8a4 method=java.util.HashMap$HashIterator.<init>(Ljava/util/HashMap;)V @ 45
Event: 5.142 Thread 0x0000015f26560800 Uncommon trap: reason=class_check action=maybe_recompile pc=0x0000015f07071930 method=com.google.common.collect.AbstractMapBasedMultimap$WrappedCollection.refreshIfEmpty()V @ 59
Event: 5.142 Thread 0x0000015f26560800 Uncommon trap: reason=class_check action=maybe_recompile pc=0x0000015f07071930 method=com.google.common.collect.AbstractMapBasedMultimap$WrappedCollection.refreshIfEmpty()V @ 59
Event: 5.156 Thread 0x0000015f2655d800 Uncommon trap: reason=unstable_if action=reinterpret pc=0x0000015f068b1d4c method=com.esotericsoftware.kryo.io.Output.writeString(Ljava/lang/CharSequence;)V @ 50
Event: 5.634 Thread 0x0000015f26560800 Uncommon trap: reason=bimorphic action=maybe_recompile pc=0x0000015f072a72b4 method=java.util.TreeMap.getEntryUsingComparator(Ljava/lang/Object;)Ljava/util/TreeMap$Entry; @ 29
Event: 10.835 Thread 0x0000015f26561000 Uncommon trap: reason=unstable_if action=reinterpret pc=0x0000015f067375fc method=org.gradle.internal.logging.text.AbstractLineChoppingStyledTextOutput$2.execute(Lorg/gradle/internal/logging/text/AbstractLineChoppingStyledTextOutput$StateContext;)V @ 30
Event: 10.835 Thread 0x0000015f26561000 Uncommon trap: reason=unstable_if action=reinterpret pc=0x0000015f06707868 method=org.gradle.internal.logging.text.AbstractLineChoppingStyledTextOutput$2.execute(Lorg/gradle/internal/logging/text/AbstractLineChoppingStyledTextOutput$StateContext;)V @ 30
Event: 10.835 Thread 0x0000015f26561000 Uncommon trap: reason=unstable_if action=reinterpret pc=0x0000015f06708170 method=org.gradle.internal.logging.text.AbstractLineChoppingStyledTextOutput$2.execute(Lorg/gradle/internal/logging/text/AbstractLineChoppingStyledTextOutput$StateContext;)V @ 30

Classes redefined (0 events):
No events

Internal exceptions (10 events):
Event: 3.920 Thread 0x0000015f20dcd800 Exception <a 'java/lang/ClassNotFoundException': org/gradle/api/internal/DefaultPolymorphicDomainObjectContainerBeanInfo> (0x00000007800cf608) thrown at [C:\jenkins\workspace\8-2-build-windows-x64-cygwin-sans-NAS\jdk8u391-mos\515\hotspot\src\share\vm\clas
Event: 3.921 Thread 0x0000015f20dcd800 Exception <a 'java/lang/ClassNotFoundException': org/gradle/api/internal/AbstractPolymorphicDomainObjectContainerBeanInfo> (0x00000007800e9d28) thrown at [C:\jenkins\workspace\8-2-build-windows-x64-cygwin-sans-NAS\jdk8u391-mos\515\hotspot\src\share\vm\cla
Event: 3.921 Thread 0x0000015f20dcd800 Exception <a 'java/lang/ClassNotFoundException': org/gradle/api/internal/AbstractPolymorphicDomainObjectContainerCustomizer> (0x00000007801044a8) thrown at [C:\jenkins\workspace\8-2-build-windows-x64-cygwin-sans-NAS\jdk8u391-mos\515\hotspot\src\share\vm\c
Event: 3.921 Thread 0x0000015f20dcd800 Exception <a 'java/lang/ClassNotFoundException': org/gradle/api/internal/DefaultPolymorphicDomainObjectContainerCustomizer> (0x0000000780132518) thrown at [C:\jenkins\workspace\8-2-build-windows-x64-cygwin-sans-NAS\jdk8u391-mos\515\hotspot\src\share\vm\cl
Event: 3.922 Thread 0x0000015f20dcd800 Exception <a 'java/lang/ClassNotFoundException': org/gradle/api/publish/internal/DefaultPublicationContainerCustomizer> (0x000000078017b7f8) thrown at [C:\jenkins\workspace\8-2-build-windows-x64-cygwin-sans-NAS\jdk8u391-mos\515\hotspot\src\share\vm\classf
Event: 3.922 Thread 0x0000015f20dcd800 Exception <a 'java/lang/ClassNotFoundException': org/gradle/api/publish/internal/DefaultPublicationContainer_DecoratedCustomizer> (0x00000007801bf928) thrown at [C:\jenkins\workspace\8-2-build-windows-x64-cygwin-sans-NAS\jdk8u391-mos\515\hotspot\src\share
Event: 3.947 Thread 0x0000015f20dcd800 Exception <a 'java/lang/ClassNotFoundException': org/gradle/api/publish/maven/internal/publication/DefaultMavenPublication_DecoratedBeanInfo> (0x00000007809fac18) thrown at [C:\jenkins\workspace\8-2-build-windows-x64-cygwin-sans-NAS\jdk8u391-mos\515\hotsp
Event: 3.947 Thread 0x0000015f20dcd800 Exception <a 'java/lang/ClassNotFoundException': org/gradle/api/publish/maven/internal/publication/DefaultMavenPublicationBeanInfo> (0x0000000780a2fa30) thrown at [C:\jenkins\workspace\8-2-build-windows-x64-cygwin-sans-NAS\jdk8u391-mos\515\hotspot\src\sha
Event: 3.947 Thread 0x0000015f20dcd800 Exception <a 'java/lang/ClassNotFoundException': org/gradle/api/publish/maven/internal/publication/DefaultMavenPublicationCustomizer> (0x0000000780a664c8) thrown at [C:\jenkins\workspace\8-2-build-windows-x64-cygwin-sans-NAS\jdk8u391-mos\515\hotspot\src\s
Event: 3.948 Thread 0x0000015f20dcd800 Exception <a 'java/lang/ClassNotFoundException': org/gradle/api/publish/maven/internal/publication/DefaultMavenPublication_DecoratedCustomizer> (0x0000000780b0c788) thrown at [C:\jenkins\workspace\8-2-build-windows-x64-cygwin-sans-NAS\jdk8u391-mos\515\hot

Events (10 events):
Event: 138.465 Thread 0x0000015f1de90800 flushing nmethod 0x0000015f0722b2d0
Event: 139.446 Executing VM operation: RevokeBias
Event: 139.446 Executing VM operation: RevokeBias done
Event: 139.447 Thread 0x0000015f26568000 Thread exited: 0x0000015f26568000
Event: 143.235 Thread 0x0000015f1de90800 flushing nmethod 0x0000015f072588d0
Event: 143.235 Thread 0x0000015f1de90800 flushing nmethod 0x0000015f07259bd0
Event: 143.235 Thread 0x0000015f1de90800 flushing nmethod 0x0000015f072600d0
Event: 143.235 Thread 0x0000015f1de90800 flushing nmethod 0x0000015f07260f10
Event: 143.235 Thread 0x0000015f1de90800 flushing nmethod 0x0000015f07262850
Event: 143.235 Thread 0x0000015f1de90800 flushing nmethod 0x0000015f07297f50


Dynamic libraries:
0x00007ff622270000 - 0x00007ff6222ba000 	C:\Program Files\Java\jdk-1.8\bin\java.exe
0x00007ff939530000 - 0x00007ff939747000 	C:\WINDOWS\SYSTEM32\ntdll.dll
0x00007ff937cf0000 - 0x00007ff937db4000 	C:\WINDOWS\System32\KERNEL32.DLL
0x00007ff936d70000 - 0x00007ff937116000 	C:\WINDOWS\System32\KERNELBASE.dll
0x00007ff9376a0000 - 0x00007ff937751000 	C:\WINDOWS\System32\ADVAPI32.dll
0x00007ff9375f0000 - 0x00007ff937697000 	C:\WINDOWS\System32\msvcrt.dll
0x00007ff939410000 - 0x00007ff9394b5000 	C:\WINDOWS\System32\sechost.dll
0x00007ff9382a0000 - 0x00007ff9383b7000 	C:\WINDOWS\System32\RPCRT4.dll
0x00007ff937440000 - 0x00007ff9375ee000 	C:\WINDOWS\System32\USER32.dll
0x00007ff9371e0000 - 0x00007ff937206000 	C:\WINDOWS\System32\win32u.dll
0x00007ff939290000 - 0x00007ff9392b9000 	C:\WINDOWS\System32\GDI32.dll
0x00007ff936c50000 - 0x00007ff936d68000 	C:\WINDOWS\System32\gdi32full.dll
0x00007ff936a40000 - 0x00007ff936ada000 	C:\WINDOWS\System32\msvcp_win.dll
0x00007ff9368a0000 - 0x00007ff9369b1000 	C:\WINDOWS\System32\ucrtbase.dll
0x00007ff915fa0000 - 0x00007ff916233000 	C:\WINDOWS\WinSxS\amd64_microsoft.windows.common-controls_6595b64144ccf1df_6.0.22621.2706_none_270c5aa17388e1a2\COMCTL32.dll
0x00007ff937760000 - 0x00007ff937791000 	C:\WINDOWS\System32\IMM32.DLL
0x00007ff928390000 - 0x00007ff9283ab000 	C:\Program Files\Java\jdk-1.8\jre\bin\vcruntime140.dll
0x00007ff92daf0000 - 0x00007ff92dafc000 	C:\Program Files\Java\jdk-1.8\jre\bin\vcruntime140_1.dll
0x00007ff91f1f0000 - 0x00007ff91f27e000 	C:\Program Files\Java\jdk-1.8\jre\bin\msvcp140.dll
0x00007ff8e22c0000 - 0x00007ff8e2b70000 	C:\Program Files\Java\jdk-1.8\jre\bin\server\jvm.dll
0x00007ff938680000 - 0x00007ff938688000 	C:\WINDOWS\System32\PSAPI.DLL
0x00007ff91df30000 - 0x00007ff91df39000 	C:\WINDOWS\SYSTEM32\WSOCK32.dll
0x00007ff92c1a0000 - 0x00007ff92c1d4000 	C:\WINDOWS\SYSTEM32\WINMM.dll
0x00007ff92b690000 - 0x00007ff92b69a000 	C:\WINDOWS\SYSTEM32\VERSION.dll
0x00007ff9377f0000 - 0x00007ff937861000 	C:\WINDOWS\System32\WS2_32.dll
0x00007ff935990000 - 0x00007ff9359a8000 	C:\WINDOWS\SYSTEM32\kernel.appcore.dll
0x00007ff92b800000 - 0x00007ff92b810000 	C:\Program Files\Java\jdk-1.8\jre\bin\verify.dll
0x00007ff923160000 - 0x00007ff92318b000 	C:\Program Files\Java\jdk-1.8\jre\bin\java.dll
0x00007ff928370000 - 0x00007ff928388000 	C:\Program Files\Java\jdk-1.8\jre\bin\zip.dll
0x00007ff938690000 - 0x00007ff938ee9000 	C:\WINDOWS\System32\SHELL32.dll
0x00007ff9347d0000 - 0x00007ff9350c6000 	C:\WINDOWS\SYSTEM32\windows.storage.dll
0x00007ff937dd0000 - 0x00007ff938159000 	C:\WINDOWS\System32\combase.dll
0x00007ff934690000 - 0x00007ff9347ce000 	C:\WINDOWS\SYSTEM32\wintypes.dll
0x00007ff938fc0000 - 0x00007ff9390b3000 	C:\WINDOWS\System32\SHCORE.dll
0x00007ff939130000 - 0x00007ff93918e000 	C:\WINDOWS\System32\shlwapi.dll
0x00007ff9367d0000 - 0x00007ff9367f6000 	C:\WINDOWS\SYSTEM32\profapi.dll
0x00007ff9233b0000 - 0x00007ff9233cc000 	C:\Program Files\Java\jdk-1.8\jre\bin\net.dll
0x00007ff935e10000 - 0x00007ff935e79000 	C:\WINDOWS\system32\mswsock.dll
0x00007ff922a10000 - 0x00007ff922a23000 	C:\Program Files\Java\jdk-1.8\jre\bin\nio.dll
0x00007ff9229f0000 - 0x00007ff922a0e000 	C:\Users\profe\.gradle\native\25\windows-amd64\native-platform.dll
0x00007ff9283c0000 - 0x00007ff9283cd000 	C:\Program Files\Java\jdk-1.8\jre\bin\management.dll
0x00007ff936060000 - 0x00007ff93607b000 	C:\WINDOWS\SYSTEM32\CRYPTSP.dll
0x00007ff9358f0000 - 0x00007ff935925000 	C:\WINDOWS\system32\rsaenh.dll
0x00007ff935f00000 - 0x00007ff935f2c000 	C:\WINDOWS\SYSTEM32\USERENV.dll
0x00007ff936250000 - 0x00007ff936278000 	C:\WINDOWS\SYSTEM32\bcrypt.dll
0x00007ff9369c0000 - 0x00007ff936a3a000 	C:\WINDOWS\System32\bcryptprimitives.dll
0x00007ff936080000 - 0x00007ff93608c000 	C:\WINDOWS\SYSTEM32\CRYPTBASE.dll
0x00007ff9353e0000 - 0x00007ff93540d000 	C:\WINDOWS\SYSTEM32\IPHLPAPI.DLL
0x00007ff938440000 - 0x00007ff938449000 	C:\WINDOWS\System32\NSI.dll
0x00007ff92cec0000 - 0x00007ff92ced9000 	C:\WINDOWS\SYSTEM32\dhcpcsvc6.DLL
0x00007ff92cb10000 - 0x00007ff92cb2f000 	C:\WINDOWS\SYSTEM32\dhcpcsvc.DLL
0x00007ff935410000 - 0x00007ff935509000 	C:\WINDOWS\SYSTEM32\DNSAPI.dll
0x00007ff922970000 - 0x00007ff922995000 	C:\Program Files\Java\jdk-1.8\jre\bin\sunec.dll
0x00007ff92b7b0000 - 0x00007ff92b7ba000 	C:\Windows\System32\rasadhlp.dll
0x00007ff92b510000 - 0x00007ff92b593000 	C:\WINDOWS\System32\fwpuclnt.dll
0x00007ff9236a0000 - 0x00007ff9236ad000 	C:\Program Files\Java\jdk-1.8\jre\bin\sunmscapi.dll
0x00007ff936ae0000 - 0x00007ff936c46000 	C:\WINDOWS\System32\CRYPT32.dll
0x00007ff936220000 - 0x00007ff93624d000 	C:\WINDOWS\SYSTEM32\ncrypt.dll
0x00007ff9361e0000 - 0x00007ff936217000 	C:\WINDOWS\SYSTEM32\NTASN1.dll

VM Arguments:
jvm_args: -Xmx3G -Dfile.encoding=windows-1252 -Duser.country=US -Duser.language=en -Duser.variant 
java_command: org.gradle.launcher.daemon.bootstrap.GradleDaemon 4.9
java_class_path (initial): C:\Users\profe\.gradle\wrapper\dists\gradle-4.9-bin\e9cinqnqvph59rr7g70qubb4t\gradle-4.9\lib\gradle-launcher-4.9.jar
Launcher Type: SUN_STANDARD

Environment Variables:
JAVA_HOME=C:\Program Files\Java\jdk-1.8\
CLASSPATH=D:\GitHub\EASAddon\\gradle\wrapper\gradle-wrapper.jar
PATH=C:\Program Files\OpenLogic\jre-8.0.392.08-hotspot\bin;C:\Program Files (x86)\Common Files\Oracle\Java\javapath;C:\Program Files (x86)\Common Files\Intel\Shared Libraries\redist\intel64\compiler;C:\Windows\system32;C:\Windows;C:\Windows\System32\Wbem;C:\Windows\System32\WindowsPowerShell\v1.0\;C:\Windows\System32\OpenSSH\;C:\Program Files (x86)\NVIDIA Corporation\PhysX\Common;C:\WINDOWS\system32;C:\WINDOWS;C:\WINDOWS\System32\Wbem;C:\WINDOWS\System32\WindowsPowerShell\v1.0\;C:\WINDOWS\System32\OpenSSH\;D:\Software\ytdlp;C:\Program Files\dotnet\;C:\Program Files\Git\cmd;C:\Program Files\Microsoft SQL Server\150\Tools\Binn\;C:\Program Files\Microsoft SQL Server\Client SDK\ODBC\170\Tools\Binn\;C:\Users\profe\AppData\Local\Microsoft\WindowsApps;C:\Users\profe\AppData\Local\GitHubDesktop\bin;C:\Users\profe\.dotnet\tools;C:\Users\profe\AppData\Local\Programs\Microsoft VS Code\bin;C:\Program Files (x86)\Nmap
USERNAME=profe
OS=Windows_NT
PROCESSOR_IDENTIFIER=Intel64 Family 6 Model 141 Stepping 1, GenuineIntel



---------------  S Y S T E M  ---------------

OS: Windows 11 , 64 bit Build 22621 (10.0.22621.2841)

CPU:total 12 (initial active 12) (6 cores per cpu, 2 threads per core) family 6 model 141 stepping 1, cmov, cx8, fxsr, mmx, sse, sse2, sse3, ssse3, sse4.1, sse4.2, popcnt, avx, avx2, aes, clmul, erms, 3dnowpref, lzcnt, ht, tsc, tscinvbit, bmi1, bmi2, adx

Memory: 4k page, physical 16471716k(257292k free), swap 33248932k(5160k free)

vm_info: Java HotSpot(TM) 64-Bit Server VM (25.391-b26) for windows-amd64 JRE (1.8.0_391-b26), built on Oct  4 2023 08:19:40 by "java_re" with MS VC++ 17.1 (VS2022)

time: Thu Dec 21 00:13:03 2023
timezone: Eastern Standard Time
elapsed time: 152.018539 seconds (0d 0h 2m 32s)

