#
# There is insufficient memory for the Java Runtime Environment to continue.
# Native memory allocation (malloc) failed to allocate 74576 bytes for Chunk::new
# Possible reasons:
#   The system is out of physical RAM or swap space
#   The process is running with CompressedOops enabled, and the Java Heap may be blocking the growth of the native heap
# Possible solutions:
#   Reduce memory load on the system
#   Increase physical memory or swap space
#   Check if swap backing store is full
#   Decrease Java heap size (-Xmx/-Xms)
#   Decrease number of Java threads
#   Decrease Java thread stack sizes (-Xss)
#   Set larger code cache with -XX:ReservedCodeCacheSize=
#   JVM is running with Zero Based Compressed Oops mode in which the Java heap is
#     placed in the first 32GB address space. The Java Heap base address is the
#     maximum limit for the native heap growth. Please use -XX:HeapBaseMinAddress
#     to set the Java Heap base and to place the Java Heap above 32GB virtual address.
# This output file may be truncated or incomplete.
#
#  Out of Memory Error (allocation.cpp:389), pid=15440, tid=0x00000000000051b8
#
# JRE version: Java(TM) SE Runtime Environment (8.0_391) (build 1.8.0_391-b26)
# Java VM: Java HotSpot(TM) 64-Bit Server VM (25.391-b26 mixed mode windows-amd64 compressed oops)
# Failed to write core dump. Minidumps are not enabled by default on client versions of Windows
#

---------------  T H R E A D  ---------------

Current thread (0x000001327f7b7000):  JavaThread "C2 CompilerThread0" daemon [_thread_in_native, id=20920, stack(0x0000002ddd600000,0x0000002ddd700000)]

Stack: [0x0000002ddd600000,0x0000002ddd700000]
Native frames: (J=compiled Java code, j=interpreted, Vv=VM code, C=native code)
V  [jvm.dll+0x353049]


Current CompileTask:
C2:  22504 5794       4       org.gradle.internal.event.BroadcastDispatch$SingletonDispatch::dispatch (9 bytes)


---------------  P R O C E S S  ---------------

Java Threads: ( => current thread )
  0x0000013207447000 JavaThread "Exec process Thread 3" [_thread_in_native, id=21648, stack(0x0000002de0b00000,0x0000002de0c00000)]
  0x0000013207446000 JavaThread "Exec process Thread 2" [_thread_in_native, id=22112, stack(0x0000002de0a00000,0x0000002de0b00000)]
  0x0000013207444800 JavaThread "Exec process" [_thread_in_native, id=11524, stack(0x0000002de0900000,0x0000002de0a00000)]
  0x000001320743f800 JavaThread "Keep-Alive-SocketCleaner" daemon [_thread_blocked, id=3260, stack(0x0000002de0800000,0x0000002de0900000)]
  0x000001320743d000 JavaThread "Cache worker for Build Output Cleanup Cache (D:\GitHub\EASAddon\.gradle\buildOutputCleanup)" [_thread_blocked, id=11756, stack(0x0000002de0700000,0x0000002de0800000)]
  0x000001320743a000 JavaThread "Cache worker for task history cache (D:\GitHub\EASAddon\.gradle\4.9\taskHistory)" [_thread_blocked, id=26604, stack(0x0000002de0600000,0x0000002de0700000)]
  0x000001320743b000 JavaThread "Task worker for ':' Thread 11" [_thread_blocked, id=19112, stack(0x0000002de0500000,0x0000002de0600000)]
  0x000001320743b800 JavaThread "Task worker for ':' Thread 10" [_thread_blocked, id=6300, stack(0x0000002de0400000,0x0000002de0500000)]
  0x000001320743c800 JavaThread "Task worker for ':' Thread 9" [_thread_blocked, id=3348, stack(0x0000002de0300000,0x0000002de0400000)]
  0x0000013207439800 JavaThread "Task worker for ':' Thread 8" [_thread_blocked, id=24972, stack(0x0000002de0200000,0x0000002de0300000)]
  0x000001320743e000 JavaThread "Task worker for ':' Thread 7" [_thread_blocked, id=14240, stack(0x0000002de0100000,0x0000002de0200000)]
  0x0000013205a76800 JavaThread "Task worker for ':' Thread 6" [_thread_blocked, id=23600, stack(0x0000002de0000000,0x0000002de0100000)]
  0x0000013205a76000 JavaThread "Task worker for ':' Thread 5" [_thread_blocked, id=5380, stack(0x0000002ddff00000,0x0000002de0000000)]
  0x0000013205a75000 JavaThread "Task worker for ':' Thread 4" [_thread_blocked, id=26368, stack(0x0000002ddfe00000,0x0000002ddff00000)]
  0x0000013205a73000 JavaThread "Task worker for ':' Thread 3" [_thread_blocked, id=21848, stack(0x0000002ddfd00000,0x0000002ddfe00000)]
  0x0000013205a79000 JavaThread "Task worker for ':' Thread 2" [_thread_blocked, id=24380, stack(0x0000002ddfc00000,0x0000002ddfd00000)]
  0x0000013205a78000 JavaThread "Task worker for ':'" [_thread_blocked, id=21236, stack(0x0000002ddfb00000,0x0000002ddfc00000)]
  0x0000013205a74800 JavaThread "Cache worker for file content cache (D:\GitHub\EASAddon\.gradle\4.9\fileContent)" [_thread_blocked, id=4012, stack(0x0000002ddfa00000,0x0000002ddfb00000)]
  0x0000013205a77800 JavaThread "Cache worker for file content cache (C:\Users\profe\.gradle\caches\4.9\fileContent)" [_thread_blocked, id=2008, stack(0x0000002ddf900000,0x0000002ddfa00000)]
  0x0000013205a6d000 JavaThread "Memory manager" [_thread_blocked, id=17788, stack(0x0000002ddf800000,0x0000002ddf900000)]
  0x0000013205a6a800 JavaThread "Build operations Thread 12" [_thread_blocked, id=20288, stack(0x0000002ddf600000,0x0000002ddf700000)]
  0x0000013205a71800 JavaThread "Build operations Thread 11" [_thread_blocked, id=16096, stack(0x0000002ddf500000,0x0000002ddf600000)]
  0x0000013205a6c000 JavaThread "Build operations Thread 10" [_thread_blocked, id=24736, stack(0x0000002ddf400000,0x0000002ddf500000)]
  0x0000013205a6d800 JavaThread "Build operations Thread 9" [_thread_blocked, id=4388, stack(0x0000002ddf300000,0x0000002ddf400000)]
  0x0000013205a6a000 JavaThread "Build operations Thread 8" [_thread_blocked, id=7612, stack(0x0000002ddf200000,0x0000002ddf300000)]
  0x0000013205a6f000 JavaThread "Build operations Thread 7" [_thread_blocked, id=20152, stack(0x0000002ddf100000,0x0000002ddf200000)]
  0x0000013205a70800 JavaThread "Build operations Thread 6" [_thread_blocked, id=25180, stack(0x0000002ddf000000,0x0000002ddf100000)]
  0x0000013205a6b800 JavaThread "Build operations Thread 5" [_thread_blocked, id=16944, stack(0x0000002ddef00000,0x0000002ddf000000)]
  0x0000013205a70000 JavaThread "Build operations Thread 4" [_thread_blocked, id=2736, stack(0x0000002ddee00000,0x0000002ddef00000)]
  0x0000013205a6e800 JavaThread "Build operations Thread 3" [_thread_blocked, id=18924, stack(0x0000002dded00000,0x0000002ddee00000)]
  0x00000132034ce800 JavaThread "Build operations Thread 2" [_thread_blocked, id=3360, stack(0x0000002ddec00000,0x0000002dded00000)]
  0x00000132034d5800 JavaThread "Build operations" [_thread_blocked, id=7868, stack(0x0000002ddeb00000,0x0000002ddec00000)]
  0x00000132034d1000 JavaThread "Cache worker for Artifact transforms cache (C:\Users\profe\.gradle\caches\transforms-1)" [_thread_blocked, id=7332, stack(0x0000002ddea00000,0x0000002ddeb00000)]
  0x00000132034d4800 JavaThread "Cache worker for cache directory md-rule (C:\Users\profe\.gradle\caches\4.9\md-rule)" [_thread_blocked, id=16748, stack(0x0000002dde900000,0x0000002ddea00000)]
  0x00000132034d4000 JavaThread "Cache worker for cache directory md-supplier (C:\Users\profe\.gradle\caches\4.9\md-supplier)" [_thread_blocked, id=16596, stack(0x0000002dde800000,0x0000002dde900000)]
  0x00000132034d0000 JavaThread "Cache worker for file hash cache (D:\GitHub\EASAddon\.gradle\4.9\fileHashes)" [_thread_blocked, id=22436, stack(0x0000002dde700000,0x0000002dde800000)]
  0x00000132034d1800 JavaThread "File lock request listener" [_thread_in_native, id=13640, stack(0x0000002dde600000,0x0000002dde700000)]
  0x00000132034d3000 JavaThread "Cache worker for file hash cache (C:\Users\profe\.gradle\caches\4.9\fileHashes)" [_thread_blocked, id=21644, stack(0x0000002dde500000,0x0000002dde600000)]
  0x0000013203454800 JavaThread "Stdin handler" [_thread_blocked, id=3696, stack(0x0000002dde400000,0x0000002dde500000)]
  0x0000013203453800 JavaThread "Asynchronous log dispatcher for DefaultDaemonConnection: socket connection from /127.0.0.1:20447 to /127.0.0.1:20448" [_thread_blocked, id=11952, stack(0x0000002dde300000,0x0000002dde400000)]
  0x000001320344c800 JavaThread "Daemon worker" [_thread_blocked, id=20192, stack(0x0000002dde200000,0x0000002dde300000)]
  0x000001320344b800 JavaThread "Cancel handler" [_thread_blocked, id=11292, stack(0x0000002dde100000,0x0000002dde200000)]
  0x000001320328c000 JavaThread "Handler for socket connection from /127.0.0.1:20447 to /127.0.0.1:20448" [_thread_in_native, id=19452, stack(0x0000002dde000000,0x0000002dde100000)]
  0x000001320326b800 JavaThread "Daemon" [_thread_blocked, id=15828, stack(0x0000002dddf00000,0x0000002dde000000)]
  0x0000013203593800 JavaThread "Daemon periodic checks" [_thread_blocked, id=23148, stack(0x0000002ddde00000,0x0000002dddf00000)]
  0x0000013203263000 JavaThread "Incoming local TCP Connector on port 20447" [_thread_in_native, id=2016, stack(0x0000002dddd00000,0x0000002ddde00000)]
  0x00000132033da800 JavaThread "Daemon health stats" [_thread_blocked, id=24096, stack(0x0000002dddc00000,0x0000002dddd00000)]
  0x000001327f7ee000 JavaThread "Service Thread" daemon [_thread_blocked, id=22024, stack(0x0000002ddda00000,0x0000002dddb00000)]
  0x000001327f7c4800 JavaThread "C1 CompilerThread3" daemon [_thread_blocked, id=5180, stack(0x0000002ddd900000,0x0000002ddda00000)]
  0x000001327f7bf000 JavaThread "C2 CompilerThread2" daemon [_thread_blocked, id=22256, stack(0x0000002ddd800000,0x0000002ddd900000)]
  0x000001327f7bc000 JavaThread "C2 CompilerThread1" daemon [_thread_blocked, id=15164, stack(0x0000002ddd700000,0x0000002ddd800000)]
=>0x000001327f7b7000 JavaThread "C2 CompilerThread0" daemon [_thread_in_native, id=20920, stack(0x0000002ddd600000,0x0000002ddd700000)]
  0x000001327f7b6000 JavaThread "Attach Listener" daemon [_thread_blocked, id=14784, stack(0x0000002ddd500000,0x0000002ddd600000)]
  0x000001327f7b5000 JavaThread "Signal Dispatcher" daemon [_thread_blocked, id=22272, stack(0x0000002ddd400000,0x0000002ddd500000)]
  0x000001327f78a000 JavaThread "Finalizer" daemon [_thread_blocked, id=24248, stack(0x0000002ddd300000,0x0000002ddd400000)]
  0x000001327f783000 JavaThread "Reference Handler" daemon [_thread_blocked, id=8992, stack(0x0000002ddd200000,0x0000002ddd300000)]
  0x0000013266e88800 JavaThread "main" [_thread_blocked, id=23252, stack(0x0000002ddc600000,0x0000002ddc700000)]

Other Threads:
  0x000001327f75c000 VMThread [stack: 0x0000002ddd100000,0x0000002ddd200000] [id=16504]
  0x0000013201d40000 WatcherThread [stack: 0x0000002dddb00000,0x0000002dddc00000] [id=17972]

VM state:not at safepoint (normal execution)

VM Mutex/Monitor currently owned by a thread: None

heap address: 0x0000000700000000, size: 3072 MB, Compressed Oops mode: Zero based, Oop shift amount: 3
Narrow klass base: 0x0000000000000000, Narrow klass shift: 3
Compressed class space size: 1073741824 Address: 0x00000007c0000000

Heap:
 PSYoungGen      total 229888K, used 172348K [0x0000000780000000, 0x0000000792080000, 0x00000007c0000000)
  eden space 214016K, 73% used [0x0000000780000000,0x00000007899b3130,0x000000078d100000)
  from space 15872K, 94% used [0x000000078d100000,0x000000078df9c0d0,0x000000078e080000)
  to   space 17408K, 0% used [0x0000000790f80000,0x0000000790f80000,0x0000000792080000)
 ParOldGen       total 165888K, used 19434K [0x0000000700000000, 0x000000070a200000, 0x0000000780000000)
  object space 165888K, 11% used [0x0000000700000000,0x00000007012fa840,0x000000070a200000)
 Metaspace       used 47770K, capacity 48656K, committed 48808K, reserved 1091584K
  class space    used 6740K, capacity 7000K, committed 7088K, reserved 1048576K

Card table byte_map: [0x0000013277ca0000,0x00000132782b0000] byte_map_base: 0x00000132744a0000

Marking Bits: (ParMarkBitMap*) 0x00007ff8e1c96040
 Begin Bits: [0x00000132786b0000, 0x000001327b6b0000)
 End Bits:   [0x000001327b6b0000, 0x000001327e6b0000)

Polling page: 0x00000132688b0000

CodeCache: size=245760Kb used=16241Kb max_used=16249Kb free=229519Kb
 bounds [0x00000132688e0000, 0x00000132698e0000, 0x00000132778e0000]
 total_blobs=5811 nmethods=5025 adapters=698
 compilation: enabled

Compilation events (10 events):
Event: 17.960 Thread 0x000001327f7b7000 nmethod 5789 0x00000132698cf950 code [0x00000132698cfaa0, 0x00000132698cfc38]
Event: 17.969 Thread 0x000001327f7bf000 5790       4       java.util.concurrent.ConcurrentLinkedQueue::poll (85 bytes)
Event: 17.971 Thread 0x000001327f7bf000 nmethod 5790 0x00000132698d1150 code [0x00000132698d12a0, 0x00000132698d1498]
Event: 20.607 Thread 0x000001327f7c4800 5791       1       sun.management.MemoryPoolImpl::getName (5 bytes)
Event: 20.607 Thread 0x000001327f7c4800 nmethod 5791 0x00000132698cf610 code [0x00000132698cf760, 0x00000132698cf878]
Event: 21.377 Thread 0x000001327f7bc000 5792       4       com.google.common.collect.Lists::newArrayList (8 bytes)
Event: 21.378 Thread 0x000001327f7bc000 nmethod 5792 0x0000013269890390 code [0x00000132698904e0, 0x0000013269890598]
Event: 21.379 Thread 0x000001327f7c4800 5793       3       java.io.BufferedInputStream::close (41 bytes)
Event: 21.379 Thread 0x000001327f7c4800 nmethod 5793 0x00000132698d0750 code [0x00000132698d0900, 0x00000132698d0f60]
Event: 22.502 Thread 0x000001327f7b7000 5794       4       org.gradle.internal.event.BroadcastDispatch$SingletonDispatch::dispatch (9 bytes)

GC Heap History (10 events):
Event: 4.245 GC heap before
{Heap before GC invocations=7 (full 2):
 PSYoungGen      total 135680K, used 10722K [0x0000000780000000, 0x000000078b180000, 0x00000007c0000000)
  eden space 124928K, 0% used [0x0000000780000000,0x0000000780000000,0x0000000787a00000)
  from space 10752K, 99% used [0x0000000787a00000,0x0000000788478920,0x0000000788480000)
  to   space 13824K, 0% used [0x000000078a400000,0x000000078a400000,0x000000078b180000)
 ParOldGen       total 101376K, used 10878K [0x0000000700000000, 0x0000000706300000, 0x0000000780000000)
  object space 101376K, 10% used [0x0000000700000000,0x0000000700a9fa98,0x0000000706300000)
 Metaspace       used 34739K, capacity 35314K, committed 35496K, reserved 1079296K
  class space    used 4814K, capacity 5029K, committed 5040K, reserved 1048576K
Event: 4.274 GC heap after
Heap after GC invocations=7 (full 2):
 PSYoungGen      total 135680K, used 0K [0x0000000780000000, 0x000000078b180000, 0x00000007c0000000)
  eden space 124928K, 0% used [0x0000000780000000,0x0000000780000000,0x0000000787a00000)
  from space 10752K, 0% used [0x0000000787a00000,0x0000000787a00000,0x0000000788480000)
  to   space 13824K, 0% used [0x000000078a400000,0x000000078a400000,0x000000078b180000)
 ParOldGen       total 165888K, used 18566K [0x0000000700000000, 0x000000070a200000, 0x0000000780000000)
  object space 165888K, 11% used [0x0000000700000000,0x0000000701221ad0,0x000000070a200000)
 Metaspace       used 34739K, capacity 35314K, committed 35496K, reserved 1079296K
  class space    used 4814K, capacity 5029K, committed 5040K, reserved 1048576K
}
Event: 5.302 GC heap before
{Heap before GC invocations=8 (full 2):
 PSYoungGen      total 135680K, used 124928K [0x0000000780000000, 0x000000078b180000, 0x00000007c0000000)
  eden space 124928K, 100% used [0x0000000780000000,0x0000000787a00000,0x0000000787a00000)
  from space 10752K, 0% used [0x0000000787a00000,0x0000000787a00000,0x0000000788480000)
  to   space 13824K, 0% used [0x000000078a400000,0x000000078a400000,0x000000078b180000)
 ParOldGen       total 165888K, used 18566K [0x0000000700000000, 0x000000070a200000, 0x0000000780000000)
  object space 165888K, 11% used [0x0000000700000000,0x0000000701221ad0,0x000000070a200000)
 Metaspace       used 41677K, capacity 42344K, committed 42792K, reserved 1085440K
  class space    used 5870K, capacity 6078K, committed 6192K, reserved 1048576K
Event: 5.308 GC heap after
Heap after GC invocations=8 (full 2):
 PSYoungGen      total 167936K, used 10210K [0x0000000780000000, 0x000000078c480000, 0x00000007c0000000)
  eden space 154112K, 0% used [0x0000000780000000,0x0000000780000000,0x0000000789680000)
  from space 13824K, 73% used [0x000000078a400000,0x000000078adf8ba8,0x000000078b180000)
  to   space 13824K, 0% used [0x0000000789680000,0x0000000789680000,0x000000078a400000)
 ParOldGen       total 165888K, used 18574K [0x0000000700000000, 0x000000070a200000, 0x0000000780000000)
  object space 165888K, 11% used [0x0000000700000000,0x0000000701223ad0,0x000000070a200000)
 Metaspace       used 41677K, capacity 42344K, committed 42792K, reserved 1085440K
  class space    used 5870K, capacity 6078K, committed 6192K, reserved 1048576K
}
Event: 6.016 GC heap before
{Heap before GC invocations=9 (full 2):
 PSYoungGen      total 167936K, used 164322K [0x0000000780000000, 0x000000078c480000, 0x00000007c0000000)
  eden space 154112K, 100% used [0x0000000780000000,0x0000000789680000,0x0000000789680000)
  from space 13824K, 73% used [0x000000078a400000,0x000000078adf8ba8,0x000000078b180000)
  to   space 13824K, 0% used [0x0000000789680000,0x0000000789680000,0x000000078a400000)
 ParOldGen       total 165888K, used 18574K [0x0000000700000000, 0x000000070a200000, 0x0000000780000000)
  object space 165888K, 11% used [0x0000000700000000,0x0000000701223ad0,0x000000070a200000)
 Metaspace       used 45231K, capacity 46136K, committed 46376K, reserved 1089536K
  class space    used 6364K, capacity 6660K, committed 6704K, reserved 1048576K
Event: 6.023 GC heap after
Heap after GC invocations=9 (full 2):
 PSYoungGen      total 167936K, used 11462K [0x0000000780000000, 0x000000078f000000, 0x00000007c0000000)
  eden space 154112K, 0% used [0x0000000780000000,0x0000000780000000,0x0000000789680000)
  from space 13824K, 82% used [0x0000000789680000,0x000000078a1b1848,0x000000078a400000)
  to   space 14336K, 0% used [0x000000078e200000,0x000000078e200000,0x000000078f000000)
 ParOldGen       total 165888K, used 18646K [0x0000000700000000, 0x000000070a200000, 0x0000000780000000)
  object space 165888K, 11% used [0x0000000700000000,0x0000000701235ae0,0x000000070a200000)
 Metaspace       used 45231K, capacity 46136K, committed 46376K, reserved 1089536K
  class space    used 6364K, capacity 6660K, committed 6704K, reserved 1048576K
}
Event: 7.601 GC heap before
{Heap before GC invocations=10 (full 2):
 PSYoungGen      total 167936K, used 165028K [0x0000000780000000, 0x000000078f000000, 0x00000007c0000000)
  eden space 154112K, 99% used [0x0000000780000000,0x00000007895f79e8,0x0000000789680000)
  from space 13824K, 82% used [0x0000000789680000,0x000000078a1b1848,0x000000078a400000)
  to   space 14336K, 0% used [0x000000078e200000,0x000000078e200000,0x000000078f000000)
 ParOldGen       total 165888K, used 18646K [0x0000000700000000, 0x000000070a200000, 0x0000000780000000)
  object space 165888K, 11% used [0x0000000700000000,0x0000000701235ae0,0x000000070a200000)
 Metaspace       used 47051K, capacity 47928K, committed 48168K, reserved 1091584K
  class space    used 6658K, capacity 6930K, committed 6960K, reserved 1048576K
Event: 7.606 GC heap after
Heap after GC invocations=10 (full 2):
 PSYoungGen      total 225280K, used 14334K [0x0000000780000000, 0x000000078f000000, 0x00000007c0000000)
  eden space 210944K, 0% used [0x0000000780000000,0x0000000780000000,0x000000078ce00000)
  from space 14336K, 99% used [0x000000078e200000,0x000000078efff860,0x000000078f000000)
  to   space 15872K, 0% used [0x000000078d100000,0x000000078d100000,0x000000078e080000)
 ParOldGen       total 165888K, used 19426K [0x0000000700000000, 0x000000070a200000, 0x0000000780000000)
  object space 165888K, 11% used [0x0000000700000000,0x00000007012f8840,0x000000070a200000)
 Metaspace       used 47051K, capacity 47928K, committed 48168K, reserved 1091584K
  class space    used 6658K, capacity 6930K, committed 6960K, reserved 1048576K
}
Event: 8.174 GC heap before
{Heap before GC invocations=11 (full 2):
 PSYoungGen      total 225280K, used 224182K [0x0000000780000000, 0x000000078f000000, 0x00000007c0000000)
  eden space 210944K, 99% used [0x0000000780000000,0x000000078ccee300,0x000000078ce00000)
  from space 14336K, 99% used [0x000000078e200000,0x000000078efff860,0x000000078f000000)
  to   space 15872K, 0% used [0x000000078d100000,0x000000078d100000,0x000000078e080000)
 ParOldGen       total 165888K, used 19426K [0x0000000700000000, 0x000000070a200000, 0x0000000780000000)
  object space 165888K, 11% used [0x0000000700000000,0x00000007012f8840,0x000000070a200000)
 Metaspace       used 47486K, capacity 48324K, committed 48552K, reserved 1091584K
  class space    used 6714K, capacity 6996K, committed 7088K, reserved 1048576K
Event: 8.179 GC heap after
Heap after GC invocations=11 (full 2):
 PSYoungGen      total 229888K, used 14960K [0x0000000780000000, 0x0000000792080000, 0x00000007c0000000)
  eden space 214016K, 0% used [0x0000000780000000,0x0000000780000000,0x000000078d100000)
  from space 15872K, 94% used [0x000000078d100000,0x000000078df9c0d0,0x000000078e080000)
  to   space 17408K, 0% used [0x0000000790f80000,0x0000000790f80000,0x0000000792080000)
 ParOldGen       total 165888K, used 19434K [0x0000000700000000, 0x000000070a200000, 0x0000000780000000)
  object space 165888K, 11% used [0x0000000700000000,0x00000007012fa840,0x000000070a200000)
 Metaspace       used 47486K, capacity 48324K, committed 48552K, reserved 1091584K
  class space    used 6714K, capacity 6996K, committed 7088K, reserved 1048576K
}

Deoptimization events (10 events):
Event: 6.438 Thread 0x000001320743c800 Uncommon trap: reason=class_check action=maybe_recompile pc=0x0000013269329ab4 method=java.util.regex.Matcher.search(I)Z @ 86
Event: 7.674 Thread 0x000001320743c800 Uncommon trap: reason=unstable_if action=reinterpret pc=0x0000013268a213e4 method=java.util.HashMap$HashIterator.<init>(Ljava/util/HashMap;)V @ 45
Event: 7.703 Thread 0x000001320743c800 Uncommon trap: reason=class_check action=maybe_recompile pc=0x00000132695fe340 method=com.google.common.collect.AbstractMapBasedMultimap$WrappedCollection.refreshIfEmpty()V @ 59
Event: 7.703 Thread 0x000001320743c800 Uncommon trap: reason=class_check action=maybe_recompile pc=0x00000132695fe340 method=com.google.common.collect.AbstractMapBasedMultimap$WrappedCollection.refreshIfEmpty()V @ 59
Event: 7.703 Thread 0x000001320743c800 Uncommon trap: reason=class_check action=maybe_recompile pc=0x0000013268ad6ce0 method=com.google.common.collect.AbstractMapBasedMultimap$WrappedCollection.refreshIfEmpty()V @ 59
Event: 8.442 Thread 0x000001320743c800 Uncommon trap: reason=class_check action=maybe_recompile pc=0x00000132695fe340 method=com.google.common.collect.AbstractMapBasedMultimap$WrappedCollection.refreshIfEmpty()V @ 59
Event: 8.442 Thread 0x000001320743c800 Uncommon trap: reason=class_check action=maybe_recompile pc=0x0000013268ad6ce0 method=com.google.common.collect.AbstractMapBasedMultimap$WrappedCollection.refreshIfEmpty()V @ 59
Event: 14.123 Thread 0x0000013207447000 Uncommon trap: reason=unstable_if action=reinterpret pc=0x0000013268d13bbc method=org.gradle.internal.logging.text.AbstractLineChoppingStyledTextOutput$2.execute(Lorg/gradle/internal/logging/text/AbstractLineChoppingStyledTextOutput$StateContext;)V @ 30
Event: 14.123 Thread 0x0000013207447000 Uncommon trap: reason=unstable_if action=reinterpret pc=0x0000013268cdd968 method=org.gradle.internal.logging.text.AbstractLineChoppingStyledTextOutput$2.execute(Lorg/gradle/internal/logging/text/AbstractLineChoppingStyledTextOutput$StateContext;)V @ 30
Event: 14.123 Thread 0x0000013207447000 Uncommon trap: reason=unstable_if action=reinterpret pc=0x0000013268cde270 method=org.gradle.internal.logging.text.AbstractLineChoppingStyledTextOutput$2.execute(Lorg/gradle/internal/logging/text/AbstractLineChoppingStyledTextOutput$StateContext;)V @ 30

Classes redefined (0 events):
No events

Internal exceptions (10 events):
Event: 6.013 Thread 0x000001320344c800 Exception <a 'java/lang/ClassNotFoundException': org/gradle/api/internal/DefaultPolymorphicDomainObjectContainerBeanInfo> (0x00000007895e2b30) thrown at [C:\jenkins\workspace\8-2-build-windows-x64-cygwin-sans-NAS\jdk8u391-mos\515\hotspot\src\share\vm\clas
Event: 6.014 Thread 0x000001320344c800 Exception <a 'java/lang/ClassNotFoundException': org/gradle/api/internal/AbstractPolymorphicDomainObjectContainerBeanInfo> (0x00000007895fd2b8) thrown at [C:\jenkins\workspace\8-2-build-windows-x64-cygwin-sans-NAS\jdk8u391-mos\515\hotspot\src\share\vm\cla
Event: 6.014 Thread 0x000001320344c800 Exception <a 'java/lang/ClassNotFoundException': org/gradle/api/internal/AbstractPolymorphicDomainObjectContainerCustomizer> (0x0000000789617a38) thrown at [C:\jenkins\workspace\8-2-build-windows-x64-cygwin-sans-NAS\jdk8u391-mos\515\hotspot\src\share\vm\c
Event: 6.015 Thread 0x000001320344c800 Exception <a 'java/lang/ClassNotFoundException': org/gradle/api/internal/DefaultPolymorphicDomainObjectContainerCustomizer> (0x0000000789645ba8) thrown at [C:\jenkins\workspace\8-2-build-windows-x64-cygwin-sans-NAS\jdk8u391-mos\515\hotspot\src\share\vm\cl
Event: 6.024 Thread 0x000001320344c800 Exception <a 'java/lang/ClassNotFoundException': org/gradle/api/publish/internal/DefaultPublicationContainerCustomizer> (0x000000078000ef30) thrown at [C:\jenkins\workspace\8-2-build-windows-x64-cygwin-sans-NAS\jdk8u391-mos\515\hotspot\src\share\vm\classf
Event: 6.026 Thread 0x000001320344c800 Exception <a 'java/lang/ClassNotFoundException': org/gradle/api/publish/internal/DefaultPublicationContainer_DecoratedCustomizer> (0x0000000780053090) thrown at [C:\jenkins\workspace\8-2-build-windows-x64-cygwin-sans-NAS\jdk8u391-mos\515\hotspot\src\share
Event: 6.066 Thread 0x000001320344c800 Exception <a 'java/lang/ClassNotFoundException': org/gradle/api/publish/maven/internal/publication/DefaultMavenPublication_DecoratedBeanInfo> (0x0000000780b913c0) thrown at [C:\jenkins\workspace\8-2-build-windows-x64-cygwin-sans-NAS\jdk8u391-mos\515\hotsp
Event: 6.066 Thread 0x000001320344c800 Exception <a 'java/lang/ClassNotFoundException': org/gradle/api/publish/maven/internal/publication/DefaultMavenPublicationBeanInfo> (0x0000000780bc61d8) thrown at [C:\jenkins\workspace\8-2-build-windows-x64-cygwin-sans-NAS\jdk8u391-mos\515\hotspot\src\sha
Event: 6.066 Thread 0x000001320344c800 Exception <a 'java/lang/ClassNotFoundException': org/gradle/api/publish/maven/internal/publication/DefaultMavenPublicationCustomizer> (0x0000000780bfcc70) thrown at [C:\jenkins\workspace\8-2-build-windows-x64-cygwin-sans-NAS\jdk8u391-mos\515\hotspot\src\s
Event: 6.069 Thread 0x000001320344c800 Exception <a 'java/lang/ClassNotFoundException': org/gradle/api/publish/maven/internal/publication/DefaultMavenPublication_DecoratedCustomizer> (0x0000000780ca2ec8) thrown at [C:\jenkins\workspace\8-2-build-windows-x64-cygwin-sans-NAS\jdk8u391-mos\515\hot

Events (10 events):
Event: 14.370 Executing VM operation: RevokeBias done
Event: 14.370 Thread 0x0000013205a72000 Thread exited: 0x0000013205a72000
Event: 15.321 Thread 0x0000013207447000 DEOPT PACKING pc=0x0000013269864925 sp=0x0000002de0bff020
Event: 15.321 Thread 0x0000013207447000 DEOPT UNPACKING pc=0x0000013268927918 sp=0x0000002de0bfed78 mode 0
Event: 15.812 Thread 0x0000013207447000 DEOPT PACKING pc=0x00000132698860ea sp=0x0000002de0bfe150
Event: 15.812 Thread 0x0000013207447000 DEOPT UNPACKING pc=0x0000013268927918 sp=0x0000002de0bfde98 mode 0
Event: 19.887 loading class org/gradle/workers/internal/WorkerDaemonExpiration$SimpleMemoryExpirationSelector
Event: 19.887 loading class org/gradle/workers/internal/WorkerDaemonExpiration$SimpleMemoryExpirationSelector done
Event: 19.888 loading class org/gradle/workers/internal/WorkerDaemonClientsManager$1
Event: 19.888 loading class org/gradle/workers/internal/WorkerDaemonClientsManager$1 done


Dynamic libraries:
0x00007ff6681a0000 - 0x00007ff6681ea000 	C:\Program Files\Java\jdk-1.8\bin\java.exe
0x00007ff939530000 - 0x00007ff939747000 	C:\WINDOWS\SYSTEM32\ntdll.dll
0x00007ff937cf0000 - 0x00007ff937db4000 	C:\WINDOWS\System32\KERNEL32.DLL
0x00007ff936d70000 - 0x00007ff937116000 	C:\WINDOWS\System32\KERNELBASE.dll
0x00007ff9376a0000 - 0x00007ff937751000 	C:\WINDOWS\System32\ADVAPI32.dll
0x00007ff9375f0000 - 0x00007ff937697000 	C:\WINDOWS\System32\msvcrt.dll
0x00007ff939410000 - 0x00007ff9394b5000 	C:\WINDOWS\System32\sechost.dll
0x00007ff9382a0000 - 0x00007ff9383b7000 	C:\WINDOWS\System32\RPCRT4.dll
0x00007ff937440000 - 0x00007ff9375ee000 	C:\WINDOWS\System32\USER32.dll
0x00007ff9371e0000 - 0x00007ff937206000 	C:\WINDOWS\System32\win32u.dll
0x00007ff939290000 - 0x00007ff9392b9000 	C:\WINDOWS\System32\GDI32.dll
0x00007ff936c50000 - 0x00007ff936d68000 	C:\WINDOWS\System32\gdi32full.dll
0x00007ff936a40000 - 0x00007ff936ada000 	C:\WINDOWS\System32\msvcp_win.dll
0x00007ff9368a0000 - 0x00007ff9369b1000 	C:\WINDOWS\System32\ucrtbase.dll
0x00007ff915fa0000 - 0x00007ff916233000 	C:\WINDOWS\WinSxS\amd64_microsoft.windows.common-controls_6595b64144ccf1df_6.0.22621.2706_none_270c5aa17388e1a2\COMCTL32.dll
0x00007ff937760000 - 0x00007ff937791000 	C:\WINDOWS\System32\IMM32.DLL
0x00007ff92c410000 - 0x00007ff92c42b000 	C:\Program Files\Java\jdk-1.8\jre\bin\vcruntime140.dll
0x00007ff92b810000 - 0x00007ff92b81c000 	C:\Program Files\Java\jdk-1.8\jre\bin\vcruntime140_1.dll
0x00007ff922980000 - 0x00007ff922a0e000 	C:\Program Files\Java\jdk-1.8\jre\bin\msvcp140.dll
0x00007ff8e1460000 - 0x00007ff8e1d10000 	C:\Program Files\Java\jdk-1.8\jre\bin\server\jvm.dll
0x00007ff938680000 - 0x00007ff938688000 	C:\WINDOWS\System32\PSAPI.DLL
0x00007ff91df30000 - 0x00007ff91df39000 	C:\WINDOWS\SYSTEM32\WSOCK32.dll
0x00007ff92b690000 - 0x00007ff92b69a000 	C:\WINDOWS\SYSTEM32\VERSION.dll
0x00007ff92c1a0000 - 0x00007ff92c1d4000 	C:\WINDOWS\SYSTEM32\WINMM.dll
0x00007ff9377f0000 - 0x00007ff937861000 	C:\WINDOWS\System32\WS2_32.dll
0x00007ff935990000 - 0x00007ff9359a8000 	C:\WINDOWS\SYSTEM32\kernel.appcore.dll
0x00007ff92b800000 - 0x00007ff92b810000 	C:\Program Files\Java\jdk-1.8\jre\bin\verify.dll
0x00007ff923160000 - 0x00007ff92318b000 	C:\Program Files\Java\jdk-1.8\jre\bin\java.dll
0x00007ff928380000 - 0x00007ff928398000 	C:\Program Files\Java\jdk-1.8\jre\bin\zip.dll
0x00007ff938690000 - 0x00007ff938ee9000 	C:\WINDOWS\System32\SHELL32.dll
0x00007ff9347d0000 - 0x00007ff9350c6000 	C:\WINDOWS\SYSTEM32\windows.storage.dll
0x00007ff937dd0000 - 0x00007ff938159000 	C:\WINDOWS\System32\combase.dll
0x00007ff934690000 - 0x00007ff9347ce000 	C:\WINDOWS\SYSTEM32\wintypes.dll
0x00007ff938fc0000 - 0x00007ff9390b3000 	C:\WINDOWS\System32\SHCORE.dll
0x00007ff939130000 - 0x00007ff93918e000 	C:\WINDOWS\System32\shlwapi.dll
0x00007ff9367d0000 - 0x00007ff9367f6000 	C:\WINDOWS\SYSTEM32\profapi.dll
0x00007ff922960000 - 0x00007ff92297c000 	C:\Program Files\Java\jdk-1.8\jre\bin\net.dll
0x00007ff935e10000 - 0x00007ff935e79000 	C:\WINDOWS\system32\mswsock.dll
0x00007ff9228f0000 - 0x00007ff922903000 	C:\Program Files\Java\jdk-1.8\jre\bin\nio.dll
0x00007ff9228c0000 - 0x00007ff9228de000 	C:\Users\profe\.gradle\native\25\windows-amd64\native-platform.dll
0x00007ff9283c0000 - 0x00007ff9283cd000 	C:\Program Files\Java\jdk-1.8\jre\bin\management.dll
0x00007ff936060000 - 0x00007ff93607b000 	C:\WINDOWS\SYSTEM32\CRYPTSP.dll
0x00007ff9358f0000 - 0x00007ff935925000 	C:\WINDOWS\system32\rsaenh.dll
0x00007ff935f00000 - 0x00007ff935f2c000 	C:\WINDOWS\SYSTEM32\USERENV.dll
0x00007ff936250000 - 0x00007ff936278000 	C:\WINDOWS\SYSTEM32\bcrypt.dll
0x00007ff9369c0000 - 0x00007ff936a3a000 	C:\WINDOWS\System32\bcryptprimitives.dll
0x00007ff936080000 - 0x00007ff93608c000 	C:\WINDOWS\SYSTEM32\CRYPTBASE.dll
0x00007ff9353e0000 - 0x00007ff93540d000 	C:\WINDOWS\SYSTEM32\IPHLPAPI.DLL
0x00007ff938440000 - 0x00007ff938449000 	C:\WINDOWS\System32\NSI.dll
0x00007ff92cec0000 - 0x00007ff92ced9000 	C:\WINDOWS\SYSTEM32\dhcpcsvc6.DLL
0x00007ff92cb10000 - 0x00007ff92cb2f000 	C:\WINDOWS\SYSTEM32\dhcpcsvc.DLL
0x00007ff935410000 - 0x00007ff935509000 	C:\WINDOWS\SYSTEM32\DNSAPI.dll
0x00007ff91f4a0000 - 0x00007ff91f4c5000 	C:\Program Files\Java\jdk-1.8\jre\bin\sunec.dll
0x00007ff92b7b0000 - 0x00007ff92b7ba000 	C:\Windows\System32\rasadhlp.dll
0x00007ff92b510000 - 0x00007ff92b593000 	C:\WINDOWS\System32\fwpuclnt.dll
0x00007ff922850000 - 0x00007ff92285d000 	C:\Program Files\Java\jdk-1.8\jre\bin\sunmscapi.dll
0x00007ff936ae0000 - 0x00007ff936c46000 	C:\WINDOWS\System32\CRYPT32.dll
0x00007ff936220000 - 0x00007ff93624d000 	C:\WINDOWS\SYSTEM32\ncrypt.dll
0x00007ff9361e0000 - 0x00007ff936217000 	C:\WINDOWS\SYSTEM32\NTASN1.dll

VM Arguments:
jvm_args: -Xmx3G -Dfile.encoding=windows-1252 -Duser.country=US -Duser.language=en -Duser.variant 
java_command: org.gradle.launcher.daemon.bootstrap.GradleDaemon 4.9
java_class_path (initial): C:\Users\profe\.gradle\wrapper\dists\gradle-4.9-bin\e9cinqnqvph59rr7g70qubb4t\gradle-4.9\lib\gradle-launcher-4.9.jar
Launcher Type: SUN_STANDARD

Environment Variables:
JAVA_HOME=C:\Program Files\Java\jdk-1.8\
CLASSPATH=D:\GitHub\EASAddon\\gradle\wrapper\gradle-wrapper.jar
PATH=C:\Program Files\OpenLogic\jre-8.0.392.08-hotspot\bin;C:\Program Files (x86)\Common Files\Oracle\Java\javapath;C:\Program Files (x86)\Common Files\Intel\Shared Libraries\redist\intel64\compiler;C:\Windows\system32;C:\Windows;C:\Windows\System32\Wbem;C:\Windows\System32\WindowsPowerShell\v1.0\;C:\Windows\System32\OpenSSH\;C:\Program Files (x86)\NVIDIA Corporation\PhysX\Common;C:\WINDOWS\system32;C:\WINDOWS;C:\WINDOWS\System32\Wbem;C:\WINDOWS\System32\WindowsPowerShell\v1.0\;C:\WINDOWS\System32\OpenSSH\;D:\Software\ytdlp;C:\Program Files\dotnet\;C:\Program Files\Git\cmd;C:\Program Files\Microsoft SQL Server\150\Tools\Binn\;C:\Program Files\Microsoft SQL Server\Client SDK\ODBC\170\Tools\Binn\;C:\Users\profe\AppData\Local\Microsoft\WindowsApps;C:\Users\profe\AppData\Local\GitHubDesktop\bin;C:\Users\profe\.dotnet\tools;C:\Users\profe\AppData\Local\Programs\Microsoft VS Code\bin;C:\Program Files (x86)\Nmap
USERNAME=profe
OS=Windows_NT
PROCESSOR_IDENTIFIER=Intel64 Family 6 Model 141 Stepping 1, GenuineIntel



---------------  S Y S T E M  ---------------

OS: Windows 11 , 64 bit Build 22621 (10.0.22621.2841)

CPU:total 12 (initial active 12) (6 cores per cpu, 2 threads per core) family 6 model 141 stepping 1, cmov, cx8, fxsr, mmx, sse, sse2, sse3, ssse3, sse4.1, sse4.2, popcnt, avx, avx2, aes, clmul, erms, 3dnowpref, lzcnt, ht, tsc, tscinvbit, bmi1, bmi2, adx

Memory: 4k page, physical 16471716k(378000k free), swap 33248932k(128k free)

vm_info: Java HotSpot(TM) 64-Bit Server VM (25.391-b26) for windows-amd64 JRE (1.8.0_391-b26), built on Oct  4 2023 08:19:40 by "java_re" with MS VC++ 17.1 (VS2022)

time: Tue Dec 19 20:31:57 2023
timezone: Eastern Standard Time
elapsed time: 22.507547 seconds (0d 0h 0m 22s)

